<?xml version="1.0" encoding="UTF-8"?>
<testsuite name="MainTest" tests="2" skipped="0" failures="0" errors="0" timestamp="2025-03-03T09:11:36" hostname="HP450G9" time="0.016">
  <properties/>
  <testcase name="testAddition()" classname="MainTest" time="0.015"/>
  <testcase name="testNegativeNumbers()" classname="MainTest" time="0.0"/>
  <system-out><![CDATA[]]></system-out>
  <system-err><![CDATA[]]></system-err>
</testsuite>
